;  LST file generated by mikroListExporter - v.2.0 
; Date/Time: 07/10/2016 08:48:19 a.m.
;----------------------------------------------

;Address Opcode 	ASM
0x0000	0x2858      	GOTO       88
_____DoICP:
;__Lib_System.c,6 :: 		
;__Lib_System.c,9 :: 		
0x0003	0x1283      	BCF        STATUS, 5
0x0004	0x1303      	BCF        STATUS, 6
0x0005	0x0850      	MOVF       ___DoICPAddr+1, 0
0x0006	0x008A      	MOVWF      PCLATH
;__Lib_System.c,10 :: 		
0x0007	0x084F      	MOVF       ___DoICPAddr, 0
0x0008	0x0082      	MOVWF      PCL
;__Lib_System.c,12 :: 		
L_end_____DoICP:
0x0009	0x0008      	RETURN
; end of _____DoICP
_UART1_Write:
;__Lib_UART_c67.c,39 :: 		
;__Lib_UART_c67.c,40 :: 		
L_UART1_Write3:
0x000A	0x1683      	BSF        STATUS, 5
0x000B	0x1303      	BCF        STATUS, 6
0x000C	0x1898      	BTFSC      TXSTA, 1
0x000D	0x2810      	GOTO       L_UART1_Write4
;__Lib_UART_c67.c,41 :: 		
0x000E	0x0000      	NOP
0x000F	0x280A      	GOTO       L_UART1_Write3
L_UART1_Write4:
;__Lib_UART_c67.c,42 :: 		
0x0010	0x1283      	BCF        STATUS, 5
0x0011	0x0855      	MOVF       FARG_UART1_Write_data_, 0
0x0012	0x0099      	MOVWF      TXREG
;__Lib_UART_c67.c,43 :: 		
L_end_UART1_Write:
0x0013	0x0008      	RETURN
; end of _UART1_Write
_UART1_Init:
;__Lib_UART_c67.c,2 :: 		
;__Lib_UART_c67.c,5 :: 		
0x0014	0x1683      	BSF        STATUS, 5
0x0015	0x1303      	BCF        STATUS, 6
0x0016	0x1698      	BSF        TXSTA, 5
;__Lib_UART_c67.c,6 :: 		
0x0017	0x3090      	MOVLW      144
0x0018	0x1283      	BCF        STATUS, 5
0x0019	0x0098      	MOVWF      RCSTA
;__Lib_UART_c67.c,7 :: 		
0x001A	0x1683      	BSF        STATUS, 5
0x001B	0x1787      	BSF        TRISC7_bit, BitPos(TRISC7_bit+0)
;__Lib_UART_c67.c,8 :: 		
0x001C	0x1307      	BCF        TRISC6_bit, BitPos(TRISC6_bit+0)
;__Lib_UART_c67.c,10 :: 		
L_UART1_Init0:
0x001D	0x1283      	BCF        STATUS, 5
0x001E	0x1E8C      	BTFSS      PIR1, 5
0x001F	0x2823      	GOTO       L_UART1_Init1
;__Lib_UART_c67.c,11 :: 		
0x0020	0x081A      	MOVF       RCREG, 0
0x0021	0x00F0      	MOVWF      R0
0x0022	0x281D      	GOTO       L_UART1_Init0
L_UART1_Init1:
;__Lib_UART_c67.c,12 :: 		
L_end_UART1_Init:
0x0023	0x0008      	RETURN
; end of _UART1_Init
_UART1_Read:
;__Lib_UART_c67.c,21 :: 		
;__Lib_UART_c67.c,24 :: 		
0x0024	0x1283      	BCF        STATUS, 5
0x0025	0x1303      	BCF        STATUS, 6
0x0026	0x081A      	MOVF       RCREG, 0
0x0027	0x00F1      	MOVWF      R1
;__Lib_UART_c67.c,25 :: 		
0x0028	0x1C98      	BTFSS      RCSTA, 1
0x0029	0x282C      	GOTO       L_UART1_Read2
;__Lib_UART_c67.c,26 :: 		
0x002A	0x1218      	BCF        RCSTA, 4
;__Lib_UART_c67.c,27 :: 		
0x002B	0x1618      	BSF        RCSTA, 4
;__Lib_UART_c67.c,28 :: 		
L_UART1_Read2:
;__Lib_UART_c67.c,29 :: 		
0x002C	0x0871      	MOVF       R1, 0
0x002D	0x00F0      	MOVWF      R0
;__Lib_UART_c67.c,30 :: 		
L_end_UART1_Read:
0x002E	0x0008      	RETURN
; end of _UART1_Read
___CC2DW:
;__Lib_System.c,134 :: 		
;__Lib_System.c,137 :: 		
_CC2D_Loop1:
;__Lib_System.c,139 :: 		
0x002F	0x2003      	CALL       _____DoICP
0x0030	0x118A      	BCF        PCLATH, 3
0x0031	0x120A      	BCF        PCLATH, 4
;__Lib_System.c,141 :: 		
0x0032	0x0080      	MOVWF      INDF
;__Lib_System.c,142 :: 		
0x0033	0x0A84      	INCF       FSR, 1
;__Lib_System.c,143 :: 		
0x0034	0x0ACF      	INCF       ___DoICPAddr, 1
;__Lib_System.c,145 :: 		
0x0035	0x1903      	BTFSC      STATUS, 2
;__Lib_System.c,146 :: 		
0x0036	0x0AD0      	INCF       ___DoICPAddr+1, 1
;__Lib_System.c,147 :: 		
0x0037	0x03F0      	DECF       R0, 1
;__Lib_System.c,149 :: 		
0x0038	0x1D03      	BTFSS      STATUS, 2
;__Lib_System.c,150 :: 		
0x0039	0x282F      	GOTO       _CC2D_Loop1
;__Lib_System.c,152 :: 		
L_end___CC2DW:
0x003A	0x0008      	RETURN
; end of ___CC2DW
_UART1_Write_Text:
;__Lib_UART_c67.c,47 :: 		
;__Lib_UART_c67.c,48 :: 		
0x003B	0x1283      	BCF        STATUS, 5
0x003C	0x1303      	BCF        STATUS, 6
0x003D	0x01D4      	CLRF       UART1_Write_Text_counter_L0
;__Lib_UART_c67.c,50 :: 		
0x003E	0x0852      	MOVF       FARG_UART1_Write_Text_uart_text, 0
0x003F	0x0084      	MOVWF      FSR
0x0040	0x0800      	MOVF       INDF, 0
0x0041	0x00D3      	MOVWF      UART1_Write_Text_data__L0
;__Lib_UART_c67.c,51 :: 		
L_UART1_Write_Text5:
0x0042	0x0853      	MOVF       UART1_Write_Text_data__L0, 0
0x0043	0x3A00      	XORLW      0
0x0044	0x1903      	BTFSC      STATUS, 2
0x0045	0x2850      	GOTO       L_UART1_Write_Text6
;__Lib_UART_c67.c,52 :: 		
0x0046	0x0853      	MOVF       UART1_Write_Text_data__L0, 0
0x0047	0x00D5      	MOVWF      FARG_UART1_Write_data_
0x0048	0x200A      	CALL       _UART1_Write
;__Lib_UART_c67.c,53 :: 		
0x0049	0x0AD4      	INCF       UART1_Write_Text_counter_L0, 1
;__Lib_UART_c67.c,54 :: 		
0x004A	0x0854      	MOVF       UART1_Write_Text_counter_L0, 0
0x004B	0x0752      	ADDWF      FARG_UART1_Write_Text_uart_text, 0
0x004C	0x0084      	MOVWF      FSR
0x004D	0x0800      	MOVF       INDF, 0
0x004E	0x00D3      	MOVWF      UART1_Write_Text_data__L0
;__Lib_UART_c67.c,55 :: 		
0x004F	0x2842      	GOTO       L_UART1_Write_Text5
L_UART1_Write_Text6:
;__Lib_UART_c67.c,56 :: 		
L_end_UART1_Write_Text:
0x0050	0x0008      	RETURN
; end of _UART1_Write_Text
_UART1_Data_Ready:
;__Lib_UART_c67.c,16 :: 		
;__Lib_UART_c67.c,17 :: 		
0x0051	0x3000      	MOVLW      0
0x0052	0x1283      	BCF        STATUS, 5
0x0053	0x1303      	BCF        STATUS, 6
0x0054	0x1A8C      	BTFSC      PIR1, 5
0x0055	0x3001      	MOVLW      1
0x0056	0x00F0      	MOVWF      R0
;__Lib_UART_c67.c,18 :: 		
L_end_UART1_Data_Ready:
0x0057	0x0008      	RETURN
; end of _UART1_Data_Ready
_main:
0x0058	0x20C0      	CALL       192
;practica6.c,3 :: 		void main() {
;practica6.c,4 :: 		ANSEL  = 0;                     // Configure AN pins as digital
0x0059	0x1683      	BSF        STATUS, 5
0x005A	0x1703      	BSF        STATUS, 6
0x005B	0x0188      	CLRF       ANSEL
;practica6.c,5 :: 		ANSELH = 0;
0x005C	0x0189      	CLRF       ANSELH
;practica6.c,6 :: 		C1ON_BIT=0;
0x005D	0x1283      	BCF        STATUS, 5
0x005E	0x1387      	BCF        C1ON_bit, BitPos(C1ON_bit+0)
;practica6.c,7 :: 		C2ON_BIT=0;
0x005F	0x1388      	BCF        C2ON_bit, BitPos(C2ON_bit+0)
;practica6.c,8 :: 		UART1_Init(9600);               // Initialize UART module at 9600 bps
0x0060	0x3033      	MOVLW      51
0x0061	0x1683      	BSF        STATUS, 5
0x0062	0x1303      	BCF        STATUS, 6
0x0063	0x0099      	MOVWF      SPBRG
0x0064	0x1518      	BSF        TXSTA, 2
0x0065	0x2014      	CALL       _UART1_Init
;practica6.c,9 :: 		Delay_ms(100);                  // Wait for UART module to stabilize
0x0066	0x3002      	MOVLW      2
0x0067	0x00FB      	MOVWF      R11
0x0068	0x3004      	MOVLW      4
0x0069	0x00FC      	MOVWF      R12
0x006A	0x30BA      	MOVLW      186
0x006B	0x00FD      	MOVWF      R13
L_main0:
0x006C	0x0BFD      	DECFSZ     R13, 1
0x006D	0x286C      	GOTO       L_main0
0x006E	0x0BFC      	DECFSZ     R12, 1
0x006F	0x286C      	GOTO       L_main0
0x0070	0x0BFB      	DECFSZ     R11, 1
0x0071	0x286C      	GOTO       L_main0
0x0072	0x0000      	NOP
;practica6.c,11 :: 		UART1_Write_Text("Aguilar Rodriguez\n\r");
0x0073	0x303B      	MOVLW      ?lstr1_practica6
0x0074	0x00D2      	MOVWF      FARG_UART1_Write_Text_uart_text
0x0075	0x203B      	CALL       _UART1_Write_Text
;practica6.c,15 :: 		UART1_Write_Text("Universidad de Guadalajara");
0x0076	0x3020      	MOVLW      ?lstr2_practica6
0x0077	0x00D2      	MOVWF      FARG_UART1_Write_Text_uart_text
0x0078	0x203B      	CALL       _UART1_Write_Text
;practica6.c,16 :: 		UART1_Write(10);
0x0079	0x300A      	MOVLW      10
0x007A	0x00D5      	MOVWF      FARG_UART1_Write_data_
0x007B	0x200A      	CALL       _UART1_Write
;practica6.c,17 :: 		UART1_Write(13);
0x007C	0x300D      	MOVLW      13
0x007D	0x00D5      	MOVWF      FARG_UART1_Write_data_
0x007E	0x200A      	CALL       _UART1_Write
;practica6.c,19 :: 		while (1) {                     // Endless loop
L_main1:
;practica6.c,20 :: 		if (UART1_Data_Ready()) {     // If data is received,
0x007F	0x2051      	CALL       _UART1_Data_Ready
0x0080	0x0870      	MOVF       R0, 0
0x0081	0x1903      	BTFSC      STATUS, 2
0x0082	0x2889      	GOTO       L_main3
;practica6.c,21 :: 		uart_rd = UART1_Read();     // read the received data,
0x0083	0x2024      	CALL       _UART1_Read
0x0084	0x0870      	MOVF       R0, 0
0x0085	0x00D1      	MOVWF      _uart_rd
;practica6.c,22 :: 		UART1_Write(uart_rd);       // and send data via UART
0x0086	0x0870      	MOVF       R0, 0
0x0087	0x00D5      	MOVWF      FARG_UART1_Write_data_
0x0088	0x200A      	CALL       _UART1_Write
;practica6.c,23 :: 		}
L_main3:
;practica6.c,24 :: 		}
0x0089	0x287F      	GOTO       L_main1
;practica6.c,25 :: 		}
L_end_main:
0x008A	0x288A      	GOTO       $+0
; end of _main
0x00C0	0x3020      	MOVLW      32
0x00C1	0x0084      	MOVWF      FSR
0x00C2	0x302F      	MOVLW      47
0x00C3	0x1283      	BCF        STATUS, 5
0x00C4	0x1303      	BCF        STATUS, 6
0x00C5	0x00F0      	MOVWF      R0
0x00C6	0x3090      	MOVLW      144
0x00C7	0x00CF      	MOVWF      ___DoICPAddr
0x00C8	0x3000      	MOVLW      0
0x00C9	0x00D0      	MOVWF      80
0x00CA	0x202F      	CALL       47
0x00CB	0x0008      	RETURN
;practica6.c,0 :: ?ICS?lstr2_practica6
0x0090	0x3455 ;?ICS?lstr2_practica6+0
0x0091	0x346E ;?ICS?lstr2_practica6+1
0x0092	0x3469 ;?ICS?lstr2_practica6+2
0x0093	0x3476 ;?ICS?lstr2_practica6+3
0x0094	0x3465 ;?ICS?lstr2_practica6+4
0x0095	0x3472 ;?ICS?lstr2_practica6+5
0x0096	0x3473 ;?ICS?lstr2_practica6+6
0x0097	0x3469 ;?ICS?lstr2_practica6+7
0x0098	0x3464 ;?ICS?lstr2_practica6+8
0x0099	0x3461 ;?ICS?lstr2_practica6+9
0x009A	0x3464 ;?ICS?lstr2_practica6+10
0x009B	0x3420 ;?ICS?lstr2_practica6+11
0x009C	0x3464 ;?ICS?lstr2_practica6+12
0x009D	0x3465 ;?ICS?lstr2_practica6+13
0x009E	0x3420 ;?ICS?lstr2_practica6+14
0x009F	0x3447 ;?ICS?lstr2_practica6+15
0x00A0	0x3475 ;?ICS?lstr2_practica6+16
0x00A1	0x3461 ;?ICS?lstr2_practica6+17
0x00A2	0x3464 ;?ICS?lstr2_practica6+18
0x00A3	0x3461 ;?ICS?lstr2_practica6+19
0x00A4	0x346C ;?ICS?lstr2_practica6+20
0x00A5	0x3461 ;?ICS?lstr2_practica6+21
0x00A6	0x346A ;?ICS?lstr2_practica6+22
0x00A7	0x3461 ;?ICS?lstr2_practica6+23
0x00A8	0x3472 ;?ICS?lstr2_practica6+24
0x00A9	0x3461 ;?ICS?lstr2_practica6+25
0x00AA	0x3400 ;?ICS?lstr2_practica6+26
; end of ?ICS?lstr2_practica6
;practica6.c,0 :: ?ICS?lstr1_practica6
0x00AB	0x3441 ;?ICS?lstr1_practica6+0
0x00AC	0x3467 ;?ICS?lstr1_practica6+1
0x00AD	0x3475 ;?ICS?lstr1_practica6+2
0x00AE	0x3469 ;?ICS?lstr1_practica6+3
0x00AF	0x346C ;?ICS?lstr1_practica6+4
0x00B0	0x3461 ;?ICS?lstr1_practica6+5
0x00B1	0x3472 ;?ICS?lstr1_practica6+6
0x00B2	0x3420 ;?ICS?lstr1_practica6+7
0x00B3	0x3452 ;?ICS?lstr1_practica6+8
0x00B4	0x346F ;?ICS?lstr1_practica6+9
0x00B5	0x3464 ;?ICS?lstr1_practica6+10
0x00B6	0x3472 ;?ICS?lstr1_practica6+11
0x00B7	0x3469 ;?ICS?lstr1_practica6+12
0x00B8	0x3467 ;?ICS?lstr1_practica6+13
0x00B9	0x3475 ;?ICS?lstr1_practica6+14
0x00BA	0x3465 ;?ICS?lstr1_practica6+15
0x00BB	0x347A ;?ICS?lstr1_practica6+16
0x00BC	0x340A ;?ICS?lstr1_practica6+17
0x00BD	0x340D ;?ICS?lstr1_practica6+18
0x00BE	0x3400 ;?ICS?lstr1_practica6+19
; end of ?ICS?lstr1_practica6
Symbol List:
//** Routines locations **
//ADDRESS    SIZE    PROCEDURE
//----------------------------------------------
0x0003       [7]    _____DoICP
0x000A      [10]    _UART1_Write
0x0014      [16]    _UART1_Init
0x0024      [11]    _UART1_Read
0x002F      [12]    ___CC2DW
0x003B      [22]    _UART1_Write_Text
0x0051       [7]    _UART1_Data_Ready
0x0058      [50]    _main
//** Variables locations ** 
//ADDRESS    SIZE    VARIABLE
//----------------------------------------------
0x0000       [1]    INDF
0x0002       [1]    PCL
0x0003       [1]    STATUS
0x0004       [1]    FSR
0x000A       [1]    PCLATH
0x000C       [1]    PIR1
0x0018       [1]    RCSTA
0x0019       [1]    TXREG
0x001A       [1]    RCREG
0x0020      [27]    ?lstr2_practica6
0x003B      [20]    ?lstr1_practica6
0x004F       [2]    ___DoICPAddr
0x0051       [1]    _uart_rd
0x0052       [1]    FARG_UART1_Write_Text_uart_text
0x0053       [1]    UART1_Write_Text_data__L0
0x0054       [1]    UART1_Write_Text_counter_L0
0x0055       [1]    FARG_UART1_Write_data_
0x0070       [1]    R0
0x0071       [1]    R1
0x0072       [1]    R2
0x0073       [1]    R3
0x0074       [1]    R4
0x0075       [1]    R5
0x0076       [1]    R6
0x0077       [1]    R7
0x0078       [1]    R8
0x0079       [1]    R9
0x007A       [1]    R10
0x007B       [1]    R11
0x007C       [1]    R12
0x007D       [1]    R13
0x007E       [1]    R14
0x007F       [1]    R15
0x0087       [0]    TRISC6_bit
0x0087       [0]    TRISC7_bit
0x0098       [1]    TXSTA
0x0099       [1]    SPBRG
0x009A       [1]    SPBRGH
0x0107       [0]    C1ON_bit
0x0108       [0]    C2ON_bit
0x0188       [1]    ANSEL
0x0189       [1]    ANSELH
//** Constants locations ** 
//ADDRESS    SIZE    CONSTANT
//----------------------------------------------
0x0090      [27]    ?ICS?lstr2_practica6
0x00AB      [20]    ?ICS?lstr1_practica6
